<?xml version="1.0" encoding="UTF-8"?>
<testng-results skipped="0" failed="0" ignored="4" total="8" passed="4">
  <reporter-output>
    <line>
      <![CDATA[Navigated to Sign in page successfully]]>
    </line>
    <line>
      <![CDATA[User on Sign Up Page]]>
    </line>
    <line>
      <![CDATA[User Registered successfully]]>
    </line>
    <line>
      <![CDATA[Women Items Page is now opened]]>
    </line>
    <line>
      <![CDATA[All available Items are added to cart successfully]]>
    </line>
    <line>
      <![CDATA[Navigated to shopping cart page successfully]]>
    </line>
    <line>
      <![CDATA[The item no.1 matches the selection in home page]]>
    </line>
    <line>
      <![CDATA[The item no.2 matches the selection in home page]]>
    </line>
    <line>
      <![CDATA[The item no.3 matches the selection in home page]]>
    </line>
    <line>
      <![CDATA[The item no.4 matches the selection in home page]]>
    </line>
    <line>
      <![CDATA[The item no.5 matches the selection in home page]]>
    </line>
    <line>
      <![CDATA[The item no.6 matches the selection in home page]]>
    </line>
    <line>
      <![CDATA[The item no.7 matches the selection in home page]]>
    </line>
    <line>
      <![CDATA[Each item price in cart matches each item selected in home Page]]>
    </line>
    <line>
      <![CDATA[total price in cart matches total price of items added from home Page]]>
    </line>
  </reporter-output>
  <suite name="IBM Challenge Test" duration-ms="61959" started-at="2021-02-25T11:42:55 EET" finished-at="2021-02-25T11:43:57 EET">
    <groups>
    </groups>
    <test name="Test On Chrome" duration-ms="61959" started-at="2021-02-25T11:42:55 EET" finished-at="2021-02-25T11:43:57 EET">
      <class name="tests.addAllAvailableItemsIntoCartTest">
        <test-method status="PASS" signature="initialization()[pri:0, instance:tests.addAllAvailableItemsIntoCartTest@1593948d]" name="initialization" is-config="true" duration-ms="3" started-at="2021-02-25T11:43:33 EET" finished-at="2021-02-25T11:43:33 EET">
          <reporter-output>
          </reporter-output>
        </test-method> <!-- initialization -->
        <test-method status="PASS" signature="addAllAvailableItemsIntoCart()[pri:0, instance:tests.addAllAvailableItemsIntoCartTest@1593948d]" name="addAllAvailableItemsIntoCart" duration-ms="16694" started-at="2021-02-25T11:43:33 EET" description="adding all items available into cart" finished-at="2021-02-25T11:43:50 EET">
          <reporter-output>
            <line>
              <![CDATA[Women Items Page is now opened]]>
            </line>
            <line>
              <![CDATA[All available Items are added to cart successfully]]>
            </line>
          </reporter-output>
        </test-method> <!-- addAllAvailableItemsIntoCart -->
      </class> <!-- tests.addAllAvailableItemsIntoCartTest -->
      <class name="tests.checkOutTest">
        <test-method status="PASS" signature="initialization()[pri:0, instance:tests.checkOutTest@1b604f19]" name="initialization" is-config="true" duration-ms="4" started-at="2021-02-25T11:43:50 EET" finished-at="2021-02-25T11:43:50 EET">
          <reporter-output>
          </reporter-output>
        </test-method> <!-- initialization -->
        <test-method status="PASS" signature="validateCheckOutItems()[pri:0, instance:tests.checkOutTest@1b604f19]" name="validateCheckOutItems" duration-ms="5789" started-at="2021-02-25T11:43:50 EET" description="counting items returning names and prices for each item and total price" finished-at="2021-02-25T11:43:56 EET">
          <reporter-output>
            <line>
              <![CDATA[Navigated to shopping cart page successfully]]>
            </line>
            <line>
              <![CDATA[The item no.1 matches the selection in home page]]>
            </line>
            <line>
              <![CDATA[The item no.2 matches the selection in home page]]>
            </line>
            <line>
              <![CDATA[The item no.3 matches the selection in home page]]>
            </line>
            <line>
              <![CDATA[The item no.4 matches the selection in home page]]>
            </line>
            <line>
              <![CDATA[The item no.5 matches the selection in home page]]>
            </line>
            <line>
              <![CDATA[The item no.6 matches the selection in home page]]>
            </line>
            <line>
              <![CDATA[The item no.7 matches the selection in home page]]>
            </line>
            <line>
              <![CDATA[Each item price in cart matches each item selected in home Page]]>
            </line>
            <line>
              <![CDATA[total price in cart matches total price of items added from home Page]]>
            </line>
          </reporter-output>
        </test-method> <!-- validateCheckOutItems -->
      </class> <!-- tests.checkOutTest -->
      <class name="tests.signUpTest">
        <test-method status="PASS" signature="setup()[pri:0, instance:tests.signUpTest@482f8f11]" name="setup" is-config="true" duration-ms="29346" started-at="2021-02-25T11:42:55 EET" finished-at="2021-02-25T11:43:24 EET">
          <reporter-output>
          </reporter-output>
        </test-method> <!-- setup -->
        <test-method status="PASS" signature="initialization()[pri:0, instance:tests.signUpTest@482f8f11]" name="initialization" is-config="true" duration-ms="38" started-at="2021-02-25T11:43:24 EET" finished-at="2021-02-25T11:43:24 EET">
          <reporter-output>
          </reporter-output>
        </test-method> <!-- initialization -->
        <test-method status="PASS" signature="navigateToSignUpPage()[pri:1, instance:tests.signUpTest@482f8f11]" name="navigateToSignUpPage" duration-ms="4691" started-at="2021-02-25T11:43:24 EET" description="Click on Sign In button from Home Page to navigate to Sign up page" finished-at="2021-02-25T11:43:29 EET">
          <reporter-output>
            <line>
              <![CDATA[Navigated to Sign in page successfully]]>
            </line>
            <line>
              <![CDATA[User on Sign Up Page]]>
            </line>
          </reporter-output>
        </test-method> <!-- navigateToSignUpPage -->
        <test-method status="PASS" signature="fillSignUpForm()[pri:2, instance:tests.signUpTest@482f8f11]" name="fillSignUpForm" duration-ms="4486" started-at="2021-02-25T11:43:29 EET" description="Fill Sign up Form" finished-at="2021-02-25T11:43:33 EET">
          <reporter-output>
            <line>
              <![CDATA[User Registered successfully]]>
            </line>
          </reporter-output>
        </test-method> <!-- fillSignUpForm -->
        <test-method status="PASS" signature="teardown()[pri:0, instance:tests.signUpTest@482f8f11]" name="teardown" is-config="true" duration-ms="803" started-at="2021-02-25T11:43:56 EET" finished-at="2021-02-25T11:43:57 EET">
          <reporter-output>
          </reporter-output>
        </test-method> <!-- teardown -->
      </class> <!-- tests.signUpTest -->
    </test> <!-- Test On Chrome -->
  </suite> <!-- IBM Challenge Test -->
</testng-results>
