<?xml version="1.0" encoding="UTF-8"?>
<!-- Generated by org.testng.reporters.JUnitXMLReporter -->
<testsuite hostname="YZAKAREYA" ignored="4" name="Test On Chrome" tests="4" failures="0" timestamp="2021-02-25T11:43:57 EET" time="61.959" errors="0">
  <testcase name="navigateToSignUpPage" time="4.691" classname="tests.signUpTest"/>
  <testcase name="fillSignUpForm" time="4.486" classname="tests.signUpTest"/>
  <testcase name="addAllAvailableItemsIntoCart" time="16.694" classname="tests.addAllAvailableItemsIntoCartTest"/>
  <testcase name="validateCheckOutItems" time="5.789" classname="tests.checkOutTest"/>
  <testcase name="@BeforeTest setup" time="0.0" classname="BasePackage.BaseTest">
    <ignored/>
  </testcase> <!-- @BeforeTest setup -->
  <testcase name="@BeforeTest setup" time="0.0" classname="BasePackage.BaseTest">
    <ignored/>
  </testcase> <!-- @BeforeTest setup -->
  <testcase name="@AfterTest teardown" time="0.0" classname="BasePackage.BaseTest">
    <ignored/>
  </testcase> <!-- @AfterTest teardown -->
  <testcase name="@AfterTest teardown" time="0.0" classname="BasePackage.BaseTest">
    <ignored/>
  </testcase> <!-- @AfterTest teardown -->
</testsuite> <!-- Test On Chrome -->
